water main break North Carolina site:ansonrecord.com/
water main break North Carolina site:apnews.com/state-NorthCarolina
water main break North Carolina site:www.bladenjournal.com/
water main break North Carolina site:bladenonline.com/
water main break North Carolina site:www.wataugademocrat.com/blowingrocket/
water main break North Carolina site:www.brunswickbeacon.com/
water main break North Carolina site:www.carolinacoastonline.com/news_times/
water main break North Carolina site:www.heraldsun.com/news/local/community/chapel-hill-news/
water main break North Carolina site:www.newsobserver.com/news/local/community/chapel-hill-news/
water main break North Carolina site:www.charlotteobserver.com/
water main break North Carolina site:www.courier-tribune.com/
water main break North Carolina site:www.dailyadvance.com/
water main break North Carolina site:hendersondispatch.com/
water main break North Carolina site:rrdailyherald.com/
water main break North Carolina site:www.jdnews.com/
water main break North Carolina site:www.jdnews.com/galleries/archives
water main break North Carolina site:www.reflector.com/
water main break North Carolina site:www.ncpedia.org/tarboro-daily-southerner
water main break North Carolina site:www.kinston.com/
water main break North Carolina site:www.havenews.com/
water main break North Carolina site:www.heraldsun.com/
water main break North Carolina site:www.hickoryrecord.com/
water main break North Carolina site:www.ashepostandtimes.com/
water main break North Carolina site:www.laurinburgexchange.com/
water main break North Carolina site:www.mcdowellnews.com/
water main break North Carolina site:www.wataugademocrat.com/mountaintimes/
water main break North Carolina site:www.themountaineer.com/
water main break North Carolina site:www.mtairynews.com/
water main break North Carolina site:www.nashvillegraphic.com/
water main break North Carolina site:www.newsobserver.com/
water main break North Carolina site:www.greensboro.com/
water main break North Carolina site:www.morganton.com/
water main break North Carolina site:nrcolumbus.com/
water main break North Carolina site:newstopicnews.com/
water main break North Carolina site:www.observernewsonline.com/
water main break North Carolina site:www.post-voice.com/
water main break North Carolina site:www.ncparks.gov/pilot-mountain-state-park/home
water main break North Carolina site:www.thepilot.com/
water main break North Carolina site:www.redspringcitizen.com
water main break North Carolina site:www.yourdailyjournal.com/
water main break North Carolina site:www.robesonian.com/
water main break North Carolina site:www.rockymounttelegram.com/
water main break North Carolina site:www.salisburypost.com/
water main break North Carolina site:www.clintonnc.com/
water main break North Carolina site:www.newsobserver.com/news/local/community/smithfield-herald/
water main break North Carolina site:springhopeenterprise.com/
water main break North Carolina site:www.starnewsonline.com/
water main break North Carolina site:www.statesville.com/
water main break North Carolina site:www.thestokesnews.com/
water main break North Carolina site:www.newbernsj.com/
water main break North Carolina site:www.newbernsj.com/galleries/archives
water main break North Carolina site:www.thesylvaherald.com/
water main break North Carolina site:www.tabor-loris.com/
water main break North Carolina site:www.carolinacoastonline.com/tideland_news/
water main break North Carolina site:www.elkintribune.com/
water main break North Carolina site:www.wataugademocrat.com/
water main break North Carolina site:www.journalnow.com/
water main break North Carolina site:www.yadkinripple.com/
water main break North Carolina site:www.r-cnews.com
water main break North Carolina site:www.thesnaponline.com
water main break North Carolina site:www.mountainx.com
water main break North Carolina site:www.blackmountainnews.com
water main break North Carolina site:www.blowingrocket.com
water main break North Carolina site:www.wataugademocrat.com
water main break North Carolina site:www.transylvaniatimes.com
water main break North Carolina site:www.thesmokymountaintimes.com
water main break North Carolina site:www.yanceytimesjournal.com
water main break North Carolina site:www.crossroadschronicle.com
water main break North Carolina site:www.thecharlottepost.com
water main break North Carolina site:www.clclt.com
water main break North Carolina site:www.mecktimes.com
water main break North Carolina site:www.nclawyersweekly.com
water main break North Carolina site:www.theonefeather.com
water main break North Carolina site:www.clemmonscourier.com
water main break North Carolina site:www.independenttribute.com
water main break North Carolina site:www.granvilleonline.com
water main break North Carolina site:www.dentonorator.com
water main break North Carolina site:www.dailyadvance.com
water main break North Carolina site:www.bladenjournal.com
water main break North Carolina site:www.elkintribute.com
water main break North Carolina site:www.upandcomingweekly.com
water main break North Carolina site:www.thefranklinpress.com
water main break North Carolina site:www.carolinapeacemaker.com
water main break North Carolina site:www.yesweekly.com
water main break North Carolina site:www.claycountyprogress.com
water main break North Carolina site:www.hendersonvillelightning.com
water main break North Carolina site:www.highlandnews.com
water main break North Carolina site:www.newsoforange.com
water main break North Carolina site:www.theduplintimes.com
water main break North Carolina site:www.johnstoniannews.com
water main break North Carolina site:www.kernersvillenews.com
water main break North Carolina site:www.thestokesnews.com
water main break North Carolina site:www.alleghanynews.com
water main break North Carolina site:www.ansonrecord.com
water main break North Carolina site:www.ashepostandtimes.com
water main break North Carolina site:www.averyjournal.com
water main break North Carolina site:www.BladenOnline.com
water main break North Carolina site:www.blowingrocknews.com
water main break North Carolina site:www.blueridgenow.com
water main break North Carolina site:www.carolinacoastline.com/news_times/
water main break North Carolina site:www.carolinacoastline.com/tideland_news/
water main break North Carolina site:www.caswellmessenger.com
water main break North Carolina site:www.charlotteagenda.com
water main break North Carolina site:www.charlotteobserver.com
water main break North Carolina site:www.cherokeescout.com
water main break North Carolina site:www.citizen-times.com
water main break North Carolina site:www.clintonnc.com
water main break North Carolina site:www.courier-tribute.com
water main break North Carolina site:www.digitalcourier.com
water main break North Carolina site:www.enquirerjournal.com
water main break North Carolina site:www.fayobserver.com
water main break North Carolina site:www.gastongazette.com
water main break North Carolina site:www.grahamstar.com
water main break North Carolina site:www.greensboro.com
water main break North Carolina site:www.greensboro.com/rockingham_now
water main break North Carolina site:www.hendersondispatch.com
water main break North Carolina site:www.heraldsun.com
water main break North Carolina site:www.hickoryrecord.com
water main break North Carolina site:www.hpe.com
water main break North Carolina site:www.jdnews.com
water main break North Carolina site:www.journalnow.com
water main break North Carolina site:www.journalpatriot.com
water main break North Carolina site:www.kinston.com
water main break North Carolina site:www.lakegastongazette-observer.com
water main break North Carolina site:www.laurinburgexchange.com
water main break North Carolina site:www.lincolntimesnew.com
water main break North Carolina site:www.mcdowellnews.com
water main break North Carolina site:www.mebaneenterprise.com
water main break North Carolina site:www.mitchellnews.com
water main break North Carolina site:www.montgomeryherald.com
water main break North Carolina site:www.mooresvilletribute.com
water main break North Carolina site:www.morganton.com
water main break North Carolina site:www.mtairynews.com
water main break North Carolina site:www.mydailyrecord.com
water main break North Carolina site:www.nccoast.com
water main break North Carolina site:www.ncpolicywatch.com
water main break North Carolina site:www.newbernsj.com
water main break North Carolina site:www.newobserver.com
water main break North Carolina site:www.newsargus.com
water main break North Carolina site:www.newsrecordandsentinel.com
water main break North Carolina site:www.newstopicnews.com
water main break North Carolina site:www.northcarolinahealthnews.org
water main break North Carolina site:www.nrcolumbus.com
water main break North Carolina site:www.nsjonline.com
water main break North Carolina site:www.obsentinel.com
water main break North Carolina site:www.obxvoice.com
water main break North Carolina site:www.ocracokeobserver.com
water main break North Carolina site:www.ourdavie.com
water main break North Carolina site:www.personcountylife.com
water main break North Carolina site:www.realfactsnc.com
water main break North Carolina site:www.reflector.com
water main break North Carolina site:www.roanoke.beacon.com
water main break North Carolina site:www.robesonian.com
water main break North Carolina site:www.rockymounttelegram.com
water main break North Carolina site:www.rockymounttelegram.com/tarboro
water main break North Carolina site:www.rrdailyherald.com
water main break North Carolina site:www.salisburypost.com
water main break North Carolina site:www.sanfordherald.com
water main break North Carolina site:www.shelbystar.com
water main break North Carolina site:www.smokymountainnews.com
water main break North Carolina site:www.springhopeenterprise.com
water main break North Carolina site:www.starnewsonline.com
water main break North Carolina site:www.stateportpilot.com
water main break North Carolina site:www.statesville.com
water main break North Carolina site:www.tabor-loris.com
water main break North Carolina site:www.the-dispatch.com
water main break North Carolina site:www.thechathamnewsandrecord.com
water main break North Carolina site:www.thecoastlandtimes.com
water main break North Carolina site:www.theledger-online.com
water main break North Carolina site:www.themountaineer.com
water main break North Carolina site:www.thenews-journal.com
water main break North Carolina site:www.thepilot.com
water main break North Carolina site:www.thesylvaherald.com
water main break North Carolina site:www.thetaylorsvilletimes.com
water main break North Carolina site:www.thetimesnews.com
water main break North Carolina site:www.thewashingtondailynews.com
water main break North Carolina site:www.tryondailybulletin.com
water main break North Carolina site:www.wakeweekly.com
water main break North Carolina site:www.warrenrecord.com
water main break North Carolina site:www.weavervilletribune.com
water main break North Carolina site:www.wilsontimes.com
water main break North Carolina site:www.wschronicle.com
water main break North Carolina site:www.yadkinripple.com
water main break North Carolina site:www.yourdailyjournal.com
boil advisory North Carolina site:ansonrecord.com/
boil advisory North Carolina site:apnews.com/state-NorthCarolina
boil advisory North Carolina site:bladenonline.com/
boil advisory North Carolina site:hendersondispatch.com/
boil advisory North Carolina site:newstopicnews.com/
boil advisory North Carolina site:nrcolumbus.com/
boil advisory North Carolina site:rrdailyherald.com/
boil advisory North Carolina site:springhopeenterprise.com/
boil advisory North Carolina site:www.alleghanynews.com
boil advisory North Carolina site:www.ansonrecord.com
boil advisory North Carolina site:www.ashepostandtimes.com
boil advisory North Carolina site:www.averyjournal.com
boil advisory North Carolina site:www.blackmountainnews.com
boil advisory North Carolina site:www.bladenjournal.com
boil advisory North Carolina site:www.BladenOnline.com
boil advisory North Carolina site:www.blowingrocket.com
boil advisory North Carolina site:www.blowingrocknews.com
boil advisory North Carolina site:www.blueridgenow.com
boil advisory North Carolina site:www.brunswickbeacon.com/
boil advisory North Carolina site:www.carolinacoastline.com/news_times/
boil advisory North Carolina site:www.carolinacoastline.com/tideland_news/
boil advisory North Carolina site:www.carolinacoastonline.com/news_times/
boil advisory North Carolina site:www.carolinacoastonline.com/tideland_news/
boil advisory North Carolina site:www.carolinapeacemaker.com
boil advisory North Carolina site:www.caswellmessenger.com
boil advisory North Carolina site:www.charlotteagenda.com
boil advisory North Carolina site:www.charlotteobserver.com
boil advisory North Carolina site:www.cherokeescout.com
boil advisory North Carolina site:www.citizen-times.com
boil advisory North Carolina site:www.claycountyprogress.com
boil advisory North Carolina site:www.clclt.com
boil advisory North Carolina site:www.clemmonscourier.com
boil advisory North Carolina site:www.clintonnc.com
boil advisory North Carolina site:www.courier-tribute.com
boil advisory North Carolina site:www.crossroadschronicle.com
boil advisory North Carolina site:www.dailyadvance.com
boil advisory North Carolina site:www.dentonorator.com
boil advisory North Carolina site:www.digitalcourier.com
boil advisory North Carolina site:www.elkintribute.com
boil advisory North Carolina site:www.enquirerjournal.com
boil advisory North Carolina site:www.fayobserver.com
boil advisory North Carolina site:www.gastongazette.com
boil advisory North Carolina site:www.grahamstar.com
boil advisory North Carolina site:www.granvilleonline.com
boil advisory North Carolina site:www.greensboro.com
boil advisory North Carolina site:www.greensboro.com/rockingham_now
boil advisory North Carolina site:www.havenews.com/
boil advisory North Carolina site:www.hendersondispatch.com
boil advisory North Carolina site:www.hendersonvillelightning.com
boil advisory North Carolina site:www.heraldsun.com
boil advisory North Carolina site:www.heraldsun.com/news/local/community/chapel-hill-news/
boil advisory North Carolina site:www.hickoryrecord.com
boil advisory North Carolina site:www.highlandnews.com
boil advisory North Carolina site:www.hpe.com
boil advisory North Carolina site:www.independenttribute.com
boil advisory North Carolina site:www.jdnews.com
boil advisory North Carolina site:www.jdnews.com/galleries/archives
boil advisory North Carolina site:www.johnstoniannews.com
boil advisory North Carolina site:www.journalnow.com
boil advisory North Carolina site:www.journalpatriot.com
boil advisory North Carolina site:www.kernersvillenews.com
boil advisory North Carolina site:www.kinston.com
boil advisory North Carolina site:www.lakegastongazette-observer.com
boil advisory North Carolina site:www.laurinburgexchange.com
boil advisory North Carolina site:www.lincolntimesnew.com
boil advisory North Carolina site:www.mcdowellnews.com
boil advisory North Carolina site:www.mebaneenterprise.com
boil advisory North Carolina site:www.mecktimes.com
boil advisory North Carolina site:www.mitchellnews.com
boil advisory North Carolina site:www.montgomeryherald.com
boil advisory North Carolina site:www.mooresvilletribute.com
boil advisory North Carolina site:www.morganton.com
boil advisory North Carolina site:www.morganton.com/
boil advisory North Carolina site:www.mountainx.com
boil advisory North Carolina site:www.mtairynews.com
boil advisory North Carolina site:www.mydailyrecord.com
boil advisory North Carolina site:www.nashvillegraphic.com/
boil advisory North Carolina site:www.nccoast.com
boil advisory North Carolina site:www.nclawyersweekly.com
boil advisory North Carolina site:www.ncparks.gov/pilot-mountain-state-park/home
boil advisory North Carolina site:www.ncpedia.org/tarboro-daily-southerner
boil advisory North Carolina site:www.ncpolicywatch.com
boil advisory North Carolina site:www.newbernsj.com
boil advisory North Carolina site:www.newbernsj.com/galleries/archives
boil advisory North Carolina site:www.newobserver.com
boil advisory North Carolina site:www.newsargus.com
boil advisory North Carolina site:www.newsobserver.com/
boil advisory North Carolina site:www.newsobserver.com/news/local/community/chapel-hill-news/
boil advisory North Carolina site:www.newsobserver.com/news/local/community/smithfield-herald/
boil advisory North Carolina site:www.newsoforange.com
boil advisory North Carolina site:www.newsrecordandsentinel.com
boil advisory North Carolina site:www.newstopicnews.com
boil advisory North Carolina site:www.northcarolinahealthnews.org
boil advisory North Carolina site:www.nrcolumbus.com
boil advisory North Carolina site:www.nsjonline.com
boil advisory North Carolina site:www.obsentinel.com
boil advisory North Carolina site:www.observernewsonline.com/
boil advisory North Carolina site:www.obxvoice.com
boil advisory North Carolina site:www.ocracokeobserver.com
boil advisory North Carolina site:www.ourdavie.com
boil advisory North Carolina site:www.personcountylife.com
boil advisory North Carolina site:www.post-voice.com/
boil advisory North Carolina site:www.r-cnews.com
boil advisory North Carolina site:www.realfactsnc.com
boil advisory North Carolina site:www.redspringcitizen.com
boil advisory North Carolina site:www.reflector.com
boil advisory North Carolina site:www.roanoke.beacon.com
boil advisory North Carolina site:www.robesonian.com
boil advisory North Carolina site:www.rockymounttelegram.com
boil advisory North Carolina site:www.rockymounttelegram.com/tarboro
boil advisory North Carolina site:www.rrdailyherald.com
boil advisory North Carolina site:www.salisburypost.com
boil advisory North Carolina site:www.sanfordherald.com
boil advisory North Carolina site:www.shelbystar.com
boil advisory North Carolina site:www.smokymountainnews.com
boil advisory North Carolina site:www.springhopeenterprise.com
boil advisory North Carolina site:www.starnewsonline.com
boil advisory North Carolina site:www.stateportpilot.com
boil advisory North Carolina site:www.statesville.com
boil advisory North Carolina site:www.tabor-loris.com
boil advisory North Carolina site:www.the-dispatch.com
boil advisory North Carolina site:www.thecharlottepost.com
boil advisory North Carolina site:www.thechathamnewsandrecord.com
boil advisory North Carolina site:www.thecoastlandtimes.com
boil advisory North Carolina site:www.theduplintimes.com
boil advisory North Carolina site:www.thefranklinpress.com
boil advisory North Carolina site:www.theledger-online.com
boil advisory North Carolina site:www.themountaineer.com
boil advisory North Carolina site:www.thenews-journal.com
boil advisory North Carolina site:www.theonefeather.com
boil advisory North Carolina site:www.thepilot.com
boil advisory North Carolina site:www.thesmokymountaintimes.com
boil advisory North Carolina site:www.thesnaponline.com
boil advisory North Carolina site:www.thestokesnews.com
boil advisory North Carolina site:www.thesylvaherald.com
boil advisory North Carolina site:www.thetaylorsvilletimes.com
boil advisory North Carolina site:www.thetimesnews.com
boil advisory North Carolina site:www.thewashingtondailynews.com
boil advisory North Carolina site:www.transylvaniatimes.com
boil advisory North Carolina site:www.tryondailybulletin.com
boil advisory North Carolina site:www.upandcomingweekly.com
boil advisory North Carolina site:www.wakeweekly.com
boil advisory North Carolina site:www.warrenrecord.com
boil advisory North Carolina site:www.wataugademocrat.com
boil advisory North Carolina site:www.wataugademocrat.com/blowingrocket/
boil advisory North Carolina site:www.wataugademocrat.com/mountaintimes/
boil advisory North Carolina site:www.weavervilletribune.com
boil advisory North Carolina site:www.wilsontimes.com
boil advisory North Carolina site:www.wschronicle.com
boil advisory North Carolina site:www.yadkinripple.com
boil advisory North Carolina site:www.yanceytimesjournal.com
boil advisory North Carolina site:www.yesweekly.com
boil advisory North Carolina site:www.yourdailyjournal.com
boil water North Carolina site:ansonrecord.com/
boil water North Carolina site:apnews.com/state-NorthCarolina
boil water North Carolina site:bladenonline.com/
boil water North Carolina site:hendersondispatch.com/
boil water North Carolina site:newstopicnews.com/
boil water North Carolina site:nrcolumbus.com/
boil water North Carolina site:rrdailyherald.com/
boil water North Carolina site:springhopeenterprise.com/
boil water North Carolina site:www.alleghanynews.com
boil water North Carolina site:www.ansonrecord.com
boil water North Carolina site:www.ashepostandtimes.com
boil water North Carolina site:www.averyjournal.com
boil water North Carolina site:www.blackmountainnews.com
boil water North Carolina site:www.bladenjournal.com
boil water North Carolina site:www.BladenOnline.com
boil water North Carolina site:www.blowingrocket.com
boil water North Carolina site:www.blowingrocknews.com
boil water North Carolina site:www.blueridgenow.com
boil water North Carolina site:www.brunswickbeacon.com/
boil water North Carolina site:www.carolinacoastline.com/news_times/
boil water North Carolina site:www.carolinacoastline.com/tideland_news/
boil water North Carolina site:www.carolinacoastonline.com/news_times/
boil water North Carolina site:www.carolinacoastonline.com/tideland_news/
boil water North Carolina site:www.carolinapeacemaker.com
boil water North Carolina site:www.caswellmessenger.com
boil water North Carolina site:www.charlotteagenda.com
boil water North Carolina site:www.charlotteobserver.com
boil water North Carolina site:www.cherokeescout.com
boil water North Carolina site:www.citizen-times.com
boil water North Carolina site:www.claycountyprogress.com
boil water North Carolina site:www.clclt.com
boil water North Carolina site:www.clemmonscourier.com
boil water North Carolina site:www.clintonnc.com
boil water North Carolina site:www.courier-tribute.com
boil water North Carolina site:www.crossroadschronicle.com
boil water North Carolina site:www.dailyadvance.com
boil water North Carolina site:www.dentonorator.com
boil water North Carolina site:www.digitalcourier.com
boil water North Carolina site:www.elkintribute.com
boil water North Carolina site:www.enquirerjournal.com
boil water North Carolina site:www.fayobserver.com
boil water North Carolina site:www.gastongazette.com
boil water North Carolina site:www.grahamstar.com
boil water North Carolina site:www.granvilleonline.com
boil water North Carolina site:www.greensboro.com
boil water North Carolina site:www.greensboro.com/rockingham_now
boil water North Carolina site:www.havenews.com/
boil water North Carolina site:www.hendersondispatch.com
boil water North Carolina site:www.hendersonvillelightning.com
boil water North Carolina site:www.heraldsun.com
boil water North Carolina site:www.heraldsun.com/news/local/community/chapel-hill-news/
boil water North Carolina site:www.hickoryrecord.com
boil water North Carolina site:www.highlandnews.com
boil water North Carolina site:www.hpe.com
boil water North Carolina site:www.independenttribute.com
boil water North Carolina site:www.jdnews.com
boil water North Carolina site:www.jdnews.com/galleries/archives
boil water North Carolina site:www.johnstoniannews.com
boil water North Carolina site:www.journalnow.com
boil water North Carolina site:www.journalpatriot.com
boil water North Carolina site:www.kernersvillenews.com
boil water North Carolina site:www.kinston.com
boil water North Carolina site:www.lakegastongazette-observer.com
boil water North Carolina site:www.laurinburgexchange.com
boil water North Carolina site:www.lincolntimesnew.com
boil water North Carolina site:www.mcdowellnews.com
boil water North Carolina site:www.mebaneenterprise.com
boil water North Carolina site:www.mecktimes.com
boil water North Carolina site:www.mitchellnews.com
boil water North Carolina site:www.montgomeryherald.com
boil water North Carolina site:www.mooresvilletribute.com
boil water North Carolina site:www.morganton.com
boil water North Carolina site:www.morganton.com/
boil water North Carolina site:www.mountainx.com
boil water North Carolina site:www.mtairynews.com
boil water North Carolina site:www.mydailyrecord.com
boil water North Carolina site:www.nashvillegraphic.com/
boil water North Carolina site:www.nccoast.com
boil water North Carolina site:www.nclawyersweekly.com
boil water North Carolina site:www.ncparks.gov/pilot-mountain-state-park/home
boil water North Carolina site:www.ncpedia.org/tarboro-daily-southerner
boil water North Carolina site:www.ncpolicywatch.com
boil water North Carolina site:www.newbernsj.com
boil water North Carolina site:www.newbernsj.com/galleries/archives
boil water North Carolina site:www.newobserver.com
boil water North Carolina site:www.newsargus.com
boil water North Carolina site:www.newsobserver.com/
boil water North Carolina site:www.newsobserver.com/news/local/community/chapel-hill-news/
boil water North Carolina site:www.newsobserver.com/news/local/community/smithfield-herald/
boil water North Carolina site:www.newsoforange.com
boil water North Carolina site:www.newsrecordandsentinel.com
boil water North Carolina site:www.newstopicnews.com
boil water North Carolina site:www.northcarolinahealthnews.org
boil water North Carolina site:www.nrcolumbus.com
boil water North Carolina site:www.nsjonline.com
boil water North Carolina site:www.obsentinel.com
boil water North Carolina site:www.observernewsonline.com/
boil water North Carolina site:www.obxvoice.com
boil water North Carolina site:www.ocracokeobserver.com
boil water North Carolina site:www.ourdavie.com
boil water North Carolina site:www.personcountylife.com
boil water North Carolina site:www.post-voice.com/
boil water North Carolina site:www.r-cnews.com
boil water North Carolina site:www.realfactsnc.com
boil water North Carolina site:www.redspringcitizen.com
boil water North Carolina site:www.reflector.com
boil water North Carolina site:www.roanoke.beacon.com
boil water North Carolina site:www.robesonian.com
boil water North Carolina site:www.rockymounttelegram.com
boil water North Carolina site:www.rockymounttelegram.com/tarboro
boil water North Carolina site:www.rrdailyherald.com
boil water North Carolina site:www.salisburypost.com
boil water North Carolina site:www.sanfordherald.com
boil water North Carolina site:www.shelbystar.com
boil water North Carolina site:www.smokymountainnews.com
boil water North Carolina site:www.springhopeenterprise.com
boil water North Carolina site:www.starnewsonline.com
boil water North Carolina site:www.stateportpilot.com
boil water North Carolina site:www.statesville.com
boil water North Carolina site:www.tabor-loris.com
boil water North Carolina site:www.the-dispatch.com
boil water North Carolina site:www.thecharlottepost.com
boil water North Carolina site:www.thechathamnewsandrecord.com
boil water North Carolina site:www.thecoastlandtimes.com
boil water North Carolina site:www.theduplintimes.com
boil water North Carolina site:www.thefranklinpress.com
boil water North Carolina site:www.theledger-online.com
boil water North Carolina site:www.themountaineer.com
boil water North Carolina site:www.thenews-journal.com
boil water North Carolina site:www.theonefeather.com
boil water North Carolina site:www.thepilot.com
boil water North Carolina site:www.thesmokymountaintimes.com
boil water North Carolina site:www.thesnaponline.com
boil water North Carolina site:www.thestokesnews.com
boil water North Carolina site:www.thesylvaherald.com
boil water North Carolina site:www.thetaylorsvilletimes.com
boil water North Carolina site:www.thetimesnews.com
boil water North Carolina site:www.thewashingtondailynews.com
boil water North Carolina site:www.transylvaniatimes.com
boil water North Carolina site:www.tryondailybulletin.com
boil water North Carolina site:www.upandcomingweekly.com
boil water North Carolina site:www.wakeweekly.com
boil water North Carolina site:www.warrenrecord.com
boil water North Carolina site:www.wataugademocrat.com
boil water North Carolina site:www.wataugademocrat.com/blowingrocket/
boil water North Carolina site:www.wataugademocrat.com/mountaintimes/
boil water North Carolina site:www.weavervilletribune.com
boil water North Carolina site:www.wilsontimes.com
boil water North Carolina site:www.wschronicle.com
boil water North Carolina site:www.yadkinripple.com
boil water North Carolina site:www.yanceytimesjournal.com
boil water North Carolina site:www.yesweekly.com
boil water North Carolina site:www.yourdailyjournal.com
boil water advisory North Carolina site:ansonrecord.com/
boil water advisory North Carolina site:apnews.com/state-NorthCarolina
boil water advisory North Carolina site:bladenonline.com/
boil water advisory North Carolina site:hendersondispatch.com/
boil water advisory North Carolina site:newstopicnews.com/
boil water advisory North Carolina site:nrcolumbus.com/
boil water advisory North Carolina site:rrdailyherald.com/
boil water advisory North Carolina site:springhopeenterprise.com/
boil water advisory North Carolina site:www.alleghanynews.com
boil water advisory North Carolina site:www.ansonrecord.com
boil water advisory North Carolina site:www.ashepostandtimes.com
boil water advisory North Carolina site:www.averyjournal.com
boil water advisory North Carolina site:www.blackmountainnews.com
boil water advisory North Carolina site:www.bladenjournal.com
boil water advisory North Carolina site:www.BladenOnline.com
boil water advisory North Carolina site:www.blowingrocket.com
boil water advisory North Carolina site:www.blowingrocknews.com
boil water advisory North Carolina site:www.blueridgenow.com
boil water advisory North Carolina site:www.brunswickbeacon.com/
boil water advisory North Carolina site:www.carolinacoastline.com/news_times/
boil water advisory North Carolina site:www.carolinacoastline.com/tideland_news/
boil water advisory North Carolina site:www.carolinacoastonline.com/news_times/
boil water advisory North Carolina site:www.carolinacoastonline.com/tideland_news/
boil water advisory North Carolina site:www.carolinapeacemaker.com
boil water advisory North Carolina site:www.caswellmessenger.com
boil water advisory North Carolina site:www.charlotteagenda.com
boil water advisory North Carolina site:www.charlotteobserver.com
boil water advisory North Carolina site:www.cherokeescout.com
boil water advisory North Carolina site:www.citizen-times.com
boil water advisory North Carolina site:www.claycountyprogress.com
boil water advisory North Carolina site:www.clclt.com
boil water advisory North Carolina site:www.clemmonscourier.com
boil water advisory North Carolina site:www.clintonnc.com
boil water advisory North Carolina site:www.courier-tribute.com
boil water advisory North Carolina site:www.crossroadschronicle.com
boil water advisory North Carolina site:www.dailyadvance.com
boil water advisory North Carolina site:www.dentonorator.com
boil water advisory North Carolina site:www.digitalcourier.com
boil water advisory North Carolina site:www.elkintribute.com
boil water advisory North Carolina site:www.enquirerjournal.com
boil water advisory North Carolina site:www.fayobserver.com
boil water advisory North Carolina site:www.gastongazette.com
boil water advisory North Carolina site:www.grahamstar.com
boil water advisory North Carolina site:www.granvilleonline.com
boil water advisory North Carolina site:www.greensboro.com
boil water advisory North Carolina site:www.greensboro.com/rockingham_now
boil water advisory North Carolina site:www.havenews.com/
boil water advisory North Carolina site:www.hendersondispatch.com
boil water advisory North Carolina site:www.hendersonvillelightning.com
boil water advisory North Carolina site:www.heraldsun.com
boil water advisory North Carolina site:www.heraldsun.com/news/local/community/chapel-hill-news/
boil water advisory North Carolina site:www.hickoryrecord.com
boil water advisory North Carolina site:www.highlandnews.com
boil water advisory North Carolina site:www.hpe.com
boil water advisory North Carolina site:www.independenttribute.com
boil water advisory North Carolina site:www.jdnews.com
boil water advisory North Carolina site:www.jdnews.com/galleries/archives
boil water advisory North Carolina site:www.johnstoniannews.com
boil water advisory North Carolina site:www.journalnow.com
boil water advisory North Carolina site:www.journalpatriot.com
boil water advisory North Carolina site:www.kernersvillenews.com
boil water advisory North Carolina site:www.kinston.com
boil water advisory North Carolina site:www.lakegastongazette-observer.com
boil water advisory North Carolina site:www.laurinburgexchange.com
boil water advisory North Carolina site:www.lincolntimesnew.com
boil water advisory North Carolina site:www.mcdowellnews.com
boil water advisory North Carolina site:www.mebaneenterprise.com
boil water advisory North Carolina site:www.mecktimes.com
boil water advisory North Carolina site:www.mitchellnews.com
boil water advisory North Carolina site:www.montgomeryherald.com
boil water advisory North Carolina site:www.mooresvilletribute.com
boil water advisory North Carolina site:www.morganton.com
boil water advisory North Carolina site:www.morganton.com/
boil water advisory North Carolina site:www.mountainx.com
boil water advisory North Carolina site:www.mtairynews.com
boil water advisory North Carolina site:www.mydailyrecord.com
boil water advisory North Carolina site:www.nashvillegraphic.com/
boil water advisory North Carolina site:www.nccoast.com
boil water advisory North Carolina site:www.nclawyersweekly.com
boil water advisory North Carolina site:www.ncparks.gov/pilot-mountain-state-park/home
boil water advisory North Carolina site:www.ncpedia.org/tarboro-daily-southerner
boil water advisory North Carolina site:www.ncpolicywatch.com
boil water advisory North Carolina site:www.newbernsj.com
boil water advisory North Carolina site:www.newbernsj.com/galleries/archives
boil water advisory North Carolina site:www.newobserver.com
boil water advisory North Carolina site:www.newsargus.com
boil water advisory North Carolina site:www.newsobserver.com/
boil water advisory North Carolina site:www.newsobserver.com/news/local/community/chapel-hill-news/
boil water advisory North Carolina site:www.newsobserver.com/news/local/community/smithfield-herald/
boil water advisory North Carolina site:www.newsoforange.com
boil water advisory North Carolina site:www.newsrecordandsentinel.com
boil water advisory North Carolina site:www.newstopicnews.com
boil water advisory North Carolina site:www.northcarolinahealthnews.org
boil water advisory North Carolina site:www.nrcolumbus.com
boil water advisory North Carolina site:www.nsjonline.com
boil water advisory North Carolina site:www.obsentinel.com
boil water advisory North Carolina site:www.observernewsonline.com/
boil water advisory North Carolina site:www.obxvoice.com
boil water advisory North Carolina site:www.ocracokeobserver.com
boil water advisory North Carolina site:www.ourdavie.com
boil water advisory North Carolina site:www.personcountylife.com
boil water advisory North Carolina site:www.post-voice.com/
boil water advisory North Carolina site:www.r-cnews.com
boil water advisory North Carolina site:www.realfactsnc.com
boil water advisory North Carolina site:www.redspringcitizen.com
boil water advisory North Carolina site:www.reflector.com
boil water advisory North Carolina site:www.roanoke.beacon.com
boil water advisory North Carolina site:www.robesonian.com
boil water advisory North Carolina site:www.rockymounttelegram.com
boil water advisory North Carolina site:www.rockymounttelegram.com/tarboro
boil water advisory North Carolina site:www.rrdailyherald.com
boil water advisory North Carolina site:www.salisburypost.com
boil water advisory North Carolina site:www.sanfordherald.com
boil water advisory North Carolina site:www.shelbystar.com
boil water advisory North Carolina site:www.smokymountainnews.com
boil water advisory North Carolina site:www.springhopeenterprise.com
boil water advisory North Carolina site:www.starnewsonline.com
boil water advisory North Carolina site:www.stateportpilot.com
boil water advisory North Carolina site:www.statesville.com
boil water advisory North Carolina site:www.tabor-loris.com
boil water advisory North Carolina site:www.the-dispatch.com
boil water advisory North Carolina site:www.thecharlottepost.com
boil water advisory North Carolina site:www.thechathamnewsandrecord.com
boil water advisory North Carolina site:www.thecoastlandtimes.com
boil water advisory North Carolina site:www.theduplintimes.com
boil water advisory North Carolina site:www.thefranklinpress.com
boil water advisory North Carolina site:www.theledger-online.com
boil water advisory North Carolina site:www.themountaineer.com
boil water advisory North Carolina site:www.thenews-journal.com
boil water advisory North Carolina site:www.theonefeather.com
boil water advisory North Carolina site:www.thepilot.com
boil water advisory North Carolina site:www.thesmokymountaintimes.com
boil water advisory North Carolina site:www.thesnaponline.com
boil water advisory North Carolina site:www.thestokesnews.com
boil water advisory North Carolina site:www.thesylvaherald.com
boil water advisory North Carolina site:www.thetaylorsvilletimes.com
boil water advisory North Carolina site:www.thetimesnews.com
boil water advisory North Carolina site:www.thewashingtondailynews.com
boil water advisory North Carolina site:www.transylvaniatimes.com
boil water advisory North Carolina site:www.tryondailybulletin.com
boil water advisory North Carolina site:www.upandcomingweekly.com
boil water advisory North Carolina site:www.wakeweekly.com
boil water advisory North Carolina site:www.warrenrecord.com
boil water advisory North Carolina site:www.wataugademocrat.com
boil water advisory North Carolina site:www.wataugademocrat.com/blowingrocket/
boil water advisory North Carolina site:www.wataugademocrat.com/mountaintimes/
boil water advisory North Carolina site:www.weavervilletribune.com
boil water advisory North Carolina site:www.wilsontimes.com
boil water advisory North Carolina site:www.wschronicle.com
boil water advisory North Carolina site:www.yadkinripple.com
boil water advisory North Carolina site:www.yanceytimesjournal.com
boil water advisory North Carolina site:www.yesweekly.com
boil water advisory North Carolina site:www.yourdailyjournal.com
boil water notice North Carolina site:ansonrecord.com/
boil water notice North Carolina site:apnews.com/state-NorthCarolina
boil water notice North Carolina site:bladenonline.com/
boil water notice North Carolina site:hendersondispatch.com/
boil water notice North Carolina site:newstopicnews.com/
boil water notice North Carolina site:nrcolumbus.com/
boil water notice North Carolina site:rrdailyherald.com/
boil water notice North Carolina site:springhopeenterprise.com/
boil water notice North Carolina site:www.alleghanynews.com
boil water notice North Carolina site:www.ansonrecord.com
boil water notice North Carolina site:www.ashepostandtimes.com
boil water notice North Carolina site:www.averyjournal.com
boil water notice North Carolina site:www.blackmountainnews.com
boil water notice North Carolina site:www.bladenjournal.com
boil water notice North Carolina site:www.BladenOnline.com
boil water notice North Carolina site:www.blowingrocket.com
boil water notice North Carolina site:www.blowingrocknews.com
boil water notice North Carolina site:www.blueridgenow.com
boil water notice North Carolina site:www.brunswickbeacon.com/
boil water notice North Carolina site:www.carolinacoastline.com/news_times/
boil water notice North Carolina site:www.carolinacoastline.com/tideland_news/
boil water notice North Carolina site:www.carolinacoastonline.com/news_times/
boil water notice North Carolina site:www.carolinacoastonline.com/tideland_news/
boil water notice North Carolina site:www.carolinapeacemaker.com
boil water notice North Carolina site:www.caswellmessenger.com
boil water notice North Carolina site:www.charlotteagenda.com
boil water notice North Carolina site:www.charlotteobserver.com
boil water notice North Carolina site:www.cherokeescout.com
boil water notice North Carolina site:www.citizen-times.com
boil water notice North Carolina site:www.claycountyprogress.com
boil water notice North Carolina site:www.clclt.com
boil water notice North Carolina site:www.clemmonscourier.com
boil water notice North Carolina site:www.clintonnc.com
boil water notice North Carolina site:www.courier-tribute.com
boil water notice North Carolina site:www.crossroadschronicle.com
boil water notice North Carolina site:www.dailyadvance.com
boil water notice North Carolina site:www.dentonorator.com
boil water notice North Carolina site:www.digitalcourier.com
boil water notice North Carolina site:www.elkintribute.com
boil water notice North Carolina site:www.enquirerjournal.com
boil water notice North Carolina site:www.fayobserver.com
boil water notice North Carolina site:www.gastongazette.com
boil water notice North Carolina site:www.grahamstar.com
boil water notice North Carolina site:www.granvilleonline.com
boil water notice North Carolina site:www.greensboro.com
boil water notice North Carolina site:www.greensboro.com/rockingham_now
boil water notice North Carolina site:www.havenews.com/
boil water notice North Carolina site:www.hendersondispatch.com
boil water notice North Carolina site:www.hendersonvillelightning.com
boil water notice North Carolina site:www.heraldsun.com
boil water notice North Carolina site:www.heraldsun.com/news/local/community/chapel-hill-news/
boil water notice North Carolina site:www.hickoryrecord.com
boil water notice North Carolina site:www.highlandnews.com
boil water notice North Carolina site:www.hpe.com
boil water notice North Carolina site:www.independenttribute.com
boil water notice North Carolina site:www.jdnews.com
boil water notice North Carolina site:www.jdnews.com/galleries/archives
boil water notice North Carolina site:www.johnstoniannews.com
boil water notice North Carolina site:www.journalnow.com
boil water notice North Carolina site:www.journalpatriot.com
boil water notice North Carolina site:www.kernersvillenews.com
boil water notice North Carolina site:www.kinston.com
boil water notice North Carolina site:www.lakegastongazette-observer.com
boil water notice North Carolina site:www.laurinburgexchange.com
boil water notice North Carolina site:www.lincolntimesnew.com
boil water notice North Carolina site:www.mcdowellnews.com
boil water notice North Carolina site:www.mebaneenterprise.com
boil water notice North Carolina site:www.mecktimes.com
boil water notice North Carolina site:www.mitchellnews.com
boil water notice North Carolina site:www.montgomeryherald.com
boil water notice North Carolina site:www.mooresvilletribute.com
boil water notice North Carolina site:www.morganton.com
boil water notice North Carolina site:www.morganton.com/
boil water notice North Carolina site:www.mountainx.com
boil water notice North Carolina site:www.mtairynews.com
boil water notice North Carolina site:www.mydailyrecord.com
boil water notice North Carolina site:www.nashvillegraphic.com/
boil water notice North Carolina site:www.nccoast.com
boil water notice North Carolina site:www.nclawyersweekly.com
boil water notice North Carolina site:www.ncparks.gov/pilot-mountain-state-park/home
boil water notice North Carolina site:www.ncpedia.org/tarboro-daily-southerner
boil water notice North Carolina site:www.ncpolicywatch.com
boil water notice North Carolina site:www.newbernsj.com
boil water notice North Carolina site:www.newbernsj.com/galleries/archives
boil water notice North Carolina site:www.newobserver.com
boil water notice North Carolina site:www.newsargus.com
boil water notice North Carolina site:www.newsobserver.com/
boil water notice North Carolina site:www.newsobserver.com/news/local/community/chapel-hill-news/
boil water notice North Carolina site:www.newsobserver.com/news/local/community/smithfield-herald/
boil water notice North Carolina site:www.newsoforange.com
boil water notice North Carolina site:www.newsrecordandsentinel.com
boil water notice North Carolina site:www.newstopicnews.com
boil water notice North Carolina site:www.northcarolinahealthnews.org
boil water notice North Carolina site:www.nrcolumbus.com
boil water notice North Carolina site:www.nsjonline.com
boil water notice North Carolina site:www.obsentinel.com
boil water notice North Carolina site:www.observernewsonline.com/
boil water notice North Carolina site:www.obxvoice.com
boil water notice North Carolina site:www.ocracokeobserver.com
boil water notice North Carolina site:www.ourdavie.com
boil water notice North Carolina site:www.personcountylife.com
boil water notice North Carolina site:www.post-voice.com/
boil water notice North Carolina site:www.r-cnews.com
boil water notice North Carolina site:www.realfactsnc.com
boil water notice North Carolina site:www.redspringcitizen.com
boil water notice North Carolina site:www.reflector.com
boil water notice North Carolina site:www.roanoke.beacon.com
boil water notice North Carolina site:www.robesonian.com
boil water notice North Carolina site:www.rockymounttelegram.com
boil water notice North Carolina site:www.rockymounttelegram.com/tarboro
boil water notice North Carolina site:www.rrdailyherald.com
boil water notice North Carolina site:www.salisburypost.com
boil water notice North Carolina site:www.sanfordherald.com
boil water notice North Carolina site:www.shelbystar.com
boil water notice North Carolina site:www.smokymountainnews.com
boil water notice North Carolina site:www.springhopeenterprise.com
boil water notice North Carolina site:www.starnewsonline.com
boil water notice North Carolina site:www.stateportpilot.com
boil water notice North Carolina site:www.statesville.com
boil water notice North Carolina site:www.tabor-loris.com
boil water notice North Carolina site:www.the-dispatch.com
boil water notice North Carolina site:www.thecharlottepost.com
boil water notice North Carolina site:www.thechathamnewsandrecord.com
boil water notice North Carolina site:www.thecoastlandtimes.com
boil water notice North Carolina site:www.theduplintimes.com
boil water notice North Carolina site:www.thefranklinpress.com
boil water notice North Carolina site:www.theledger-online.com
boil water notice North Carolina site:www.themountaineer.com
boil water notice North Carolina site:www.thenews-journal.com
boil water notice North Carolina site:www.theonefeather.com
boil water notice North Carolina site:www.thepilot.com
boil water notice North Carolina site:www.thesmokymountaintimes.com
boil water notice North Carolina site:www.thesnaponline.com
boil water notice North Carolina site:www.thestokesnews.com
boil water notice North Carolina site:www.thesylvaherald.com
boil water notice North Carolina site:www.thetaylorsvilletimes.com
boil water notice North Carolina site:www.thetimesnews.com
boil water notice North Carolina site:www.thewashingtondailynews.com
boil water notice North Carolina site:www.transylvaniatimes.com
boil water notice North Carolina site:www.tryondailybulletin.com
boil water notice North Carolina site:www.upandcomingweekly.com
boil water notice North Carolina site:www.wakeweekly.com
boil water notice North Carolina site:www.warrenrecord.com
boil water notice North Carolina site:www.wataugademocrat.com
boil water notice North Carolina site:www.wataugademocrat.com/blowingrocket/
boil water notice North Carolina site:www.wataugademocrat.com/mountaintimes/
boil water notice North Carolina site:www.weavervilletribune.com
boil water notice North Carolina site:www.wilsontimes.com
boil water notice North Carolina site:www.wschronicle.com
boil water notice North Carolina site:www.yadkinripple.com
boil water notice North Carolina site:www.yanceytimesjournal.com
boil water notice North Carolina site:www.yesweekly.com
boil water notice North Carolina site:www.yourdailyjournal.com
water outage North Carolina site:ansonrecord.com/
water outage North Carolina site:apnews.com/state-NorthCarolina
water outage North Carolina site:bladenonline.com/
water outage North Carolina site:hendersondispatch.com/
water outage North Carolina site:newstopicnews.com/
water outage North Carolina site:nrcolumbus.com/
water outage North Carolina site:rrdailyherald.com/
water outage North Carolina site:springhopeenterprise.com/
water outage North Carolina site:www.alleghanynews.com
water outage North Carolina site:www.ansonrecord.com
water outage North Carolina site:www.ashepostandtimes.com
water outage North Carolina site:www.averyjournal.com
water outage North Carolina site:www.blackmountainnews.com
water outage North Carolina site:www.bladenjournal.com
water outage North Carolina site:www.BladenOnline.com
water outage North Carolina site:www.blowingrocket.com
water outage North Carolina site:www.blowingrocknews.com
water outage North Carolina site:www.blueridgenow.com
water outage North Carolina site:www.brunswickbeacon.com/
water outage North Carolina site:www.carolinacoastline.com/news_times/
water outage North Carolina site:www.carolinacoastline.com/tideland_news/
water outage North Carolina site:www.carolinacoastonline.com/news_times/
water outage North Carolina site:www.carolinacoastonline.com/tideland_news/
water outage North Carolina site:www.carolinapeacemaker.com
water outage North Carolina site:www.caswellmessenger.com
water outage North Carolina site:www.charlotteagenda.com
water outage North Carolina site:www.charlotteobserver.com
water outage North Carolina site:www.cherokeescout.com
water outage North Carolina site:www.citizen-times.com
water outage North Carolina site:www.claycountyprogress.com
water outage North Carolina site:www.clclt.com
water outage North Carolina site:www.clemmonscourier.com
water outage North Carolina site:www.clintonnc.com
water outage North Carolina site:www.courier-tribute.com
water outage North Carolina site:www.crossroadschronicle.com
water outage North Carolina site:www.dailyadvance.com
water outage North Carolina site:www.dentonorator.com
water outage North Carolina site:www.digitalcourier.com
water outage North Carolina site:www.elkintribute.com
water outage North Carolina site:www.enquirerjournal.com
water outage North Carolina site:www.fayobserver.com
water outage North Carolina site:www.gastongazette.com
water outage North Carolina site:www.grahamstar.com
water outage North Carolina site:www.granvilleonline.com
water outage North Carolina site:www.greensboro.com
water outage North Carolina site:www.greensboro.com/rockingham_now
water outage North Carolina site:www.havenews.com/
water outage North Carolina site:www.hendersondispatch.com
water outage North Carolina site:www.hendersonvillelightning.com
water outage North Carolina site:www.heraldsun.com
water outage North Carolina site:www.heraldsun.com/news/local/community/chapel-hill-news/
water outage North Carolina site:www.hickoryrecord.com
water outage North Carolina site:www.highlandnews.com
water outage North Carolina site:www.hpe.com
water outage North Carolina site:www.independenttribute.com
water outage North Carolina site:www.jdnews.com
water outage North Carolina site:www.jdnews.com/galleries/archives
water outage North Carolina site:www.johnstoniannews.com
water outage North Carolina site:www.journalnow.com
water outage North Carolina site:www.journalpatriot.com
water outage North Carolina site:www.kernersvillenews.com
water outage North Carolina site:www.kinston.com
water outage North Carolina site:www.lakegastongazette-observer.com
water outage North Carolina site:www.laurinburgexchange.com
water outage North Carolina site:www.lincolntimesnew.com
water outage North Carolina site:www.mcdowellnews.com
water outage North Carolina site:www.mebaneenterprise.com
water outage North Carolina site:www.mecktimes.com
water outage North Carolina site:www.mitchellnews.com
water outage North Carolina site:www.montgomeryherald.com
water outage North Carolina site:www.mooresvilletribute.com
water outage North Carolina site:www.morganton.com
water outage North Carolina site:www.morganton.com/
water outage North Carolina site:www.mountainx.com
water outage North Carolina site:www.mtairynews.com
water outage North Carolina site:www.mydailyrecord.com
water outage North Carolina site:www.nashvillegraphic.com/
water outage North Carolina site:www.nccoast.com
water outage North Carolina site:www.nclawyersweekly.com
water outage North Carolina site:www.ncparks.gov/pilot-mountain-state-park/home
water outage North Carolina site:www.ncpedia.org/tarboro-daily-southerner
water outage North Carolina site:www.ncpolicywatch.com
water outage North Carolina site:www.newbernsj.com
water outage North Carolina site:www.newbernsj.com/galleries/archives
water outage North Carolina site:www.newobserver.com
water outage North Carolina site:www.newsargus.com
water outage North Carolina site:www.newsobserver.com/
water outage North Carolina site:www.newsobserver.com/news/local/community/chapel-hill-news/
water outage North Carolina site:www.newsobserver.com/news/local/community/smithfield-herald/
water outage North Carolina site:www.newsoforange.com
water outage North Carolina site:www.newsrecordandsentinel.com
water outage North Carolina site:www.newstopicnews.com
water outage North Carolina site:www.northcarolinahealthnews.org
water outage North Carolina site:www.nrcolumbus.com
water outage North Carolina site:www.nsjonline.com
water outage North Carolina site:www.obsentinel.com
water outage North Carolina site:www.observernewsonline.com/
water outage North Carolina site:www.obxvoice.com
water outage North Carolina site:www.ocracokeobserver.com
water outage North Carolina site:www.ourdavie.com
water outage North Carolina site:www.personcountylife.com
water outage North Carolina site:www.post-voice.com/
water outage North Carolina site:www.r-cnews.com
water outage North Carolina site:www.realfactsnc.com
water outage North Carolina site:www.redspringcitizen.com
water outage North Carolina site:www.reflector.com
water outage North Carolina site:www.roanoke.beacon.com
water outage North Carolina site:www.robesonian.com
water outage North Carolina site:www.rockymounttelegram.com
water outage North Carolina site:www.rockymounttelegram.com/tarboro
water outage North Carolina site:www.rrdailyherald.com
water outage North Carolina site:www.salisburypost.com
water outage North Carolina site:www.sanfordherald.com
water outage North Carolina site:www.shelbystar.com
water outage North Carolina site:www.smokymountainnews.com
water outage North Carolina site:www.springhopeenterprise.com
water outage North Carolina site:www.starnewsonline.com
water outage North Carolina site:www.stateportpilot.com
water outage North Carolina site:www.statesville.com
water outage North Carolina site:www.tabor-loris.com
water outage North Carolina site:www.the-dispatch.com
water outage North Carolina site:www.thecharlottepost.com
water outage North Carolina site:www.thechathamnewsandrecord.com
water outage North Carolina site:www.thecoastlandtimes.com
water outage North Carolina site:www.theduplintimes.com
water outage North Carolina site:www.thefranklinpress.com
water outage North Carolina site:www.theledger-online.com
water outage North Carolina site:www.themountaineer.com
water outage North Carolina site:www.thenews-journal.com
water outage North Carolina site:www.theonefeather.com
water outage North Carolina site:www.thepilot.com
water outage North Carolina site:www.thesmokymountaintimes.com
water outage North Carolina site:www.thesnaponline.com
water outage North Carolina site:www.thestokesnews.com
water outage North Carolina site:www.thesylvaherald.com
water outage North Carolina site:www.thetaylorsvilletimes.com
water outage North Carolina site:www.thetimesnews.com
water outage North Carolina site:www.thewashingtondailynews.com
water outage North Carolina site:www.transylvaniatimes.com
water outage North Carolina site:www.tryondailybulletin.com
water outage North Carolina site:www.upandcomingweekly.com
water outage North Carolina site:www.wakeweekly.com
water outage North Carolina site:www.warrenrecord.com
water outage North Carolina site:www.wataugademocrat.com
water outage North Carolina site:www.wataugademocrat.com/blowingrocket/
water outage North Carolina site:www.wataugademocrat.com/mountaintimes/
water outage North Carolina site:www.weavervilletribune.com
water outage North Carolina site:www.wilsontimes.com
water outage North Carolina site:www.wschronicle.com
water outage North Carolina site:www.yadkinripple.com
water outage North Carolina site:www.yanceytimesjournal.com
water outage North Carolina site:www.yesweekly.com
water outage North Carolina site:www.yourdailyjournal.com
