http://springhopeenterprise.com/,springhopeenterprise.com.txt
http://www.carolinacoastonline.com/news_times/,www.carolinacoastonline.com.txt
http://www.carolinacoastonline.com/tideland_news/,www.carolinacoastonline.com_1.txt
http://www.nashvillegraphic.com/,www.nashvillegraphic.com.txt
http://www.thesylvaherald.com/,www.thesylvaherald.com.txt
https://apnews.com/state-NorthCarolina,state-NorthCarolina.txt
https://bladenonline.com/,bladenonline.com.txt
https://hendersondispatch.com/,hendersondispatch.com.txt
https://newstopicnews.com/,newstopicnews.com.txt
https://nrcolumbus.com/,NA
https://rrdailyherald.com/,rrdailyherald.com.txt
https://www.ashepostandtimes.com/,www.ashepostandtimes.com.txt
https://www.bladenjournal.com/,www.bladenjournal.com.txt
https://www.brunswickbeacon.com/,www.brunswickbeacon.com.txt
https://www.charlotteobserver.com/,NA
https://www.clintonnc.com/,NA
https://www.courier-tribune.com/,www.courier-tribune.com.txt
https://www.dailyadvance.com/,www.dailyadvance.com.txt
https://www.elkintribune.com/,www.elkintribune.com.txt
https://www.greensboro.com/,www.greensboro.com.txt
https://www.havenews.com/,www.havenews.com.txt
https://www.heraldsun.com/,NA
https://www.heraldsun.com/news/local/community/chapel-hill-news/,NA
https://www.hickoryrecord.com/,www.hickoryrecord.com.txt
https://www.jdnews.com/,www.jdnews.com.txt
https://www.jdnews.com/galleries/archives,archives.txt
https://www.journalnow.com/,www.journalnow.com.txt
https://www.kinston.com/,www.kinston.com.txt
https://www.laurinburgexchange.com/,NA
https://www.mcdowellnews.com/,www.mcdowellnews.com.txt
https://www.morganton.com/,www.morganton.com.txt
